  AIComponent.cpp
  AIState.cpp
  AnimeSprite.cpp
  BattleComponent.cpp
  BattleManager.cpp
  Camera.cpp
  CameraLock.cpp
  Component.cpp
  Dungeon.cpp
  Enemy.cpp
  EnemyBattle.cpp
  Font.cpp
  Game.cpp
  GameClearUI.cpp
  GameObject.cpp
  GameOverUI.cpp
  HUD.cpp
  HealthItem.cpp
  Ladder.cpp
  Main.cpp
  コードを生成中...
  コンパイル中...
  MapComponent.cpp
  MapMaker.cpp
  Menu.cpp
  MessageBox.cpp
  MoveComponent.cpp
  NavComponent.cpp
  Player.cpp
  PlayerBattle.cpp
  SpriteComponent.cpp
  TutorialUI.cpp
  UIScreen.cpp
  コードを生成中...
  FushigiDungeon.vcxproj -> E:\C++\FushigiDungeon\Debug\FushigiDungeon.exe
